# JRE version: Java(TM) SE Runtime Environment (8.0_31-b13) (build 1.8.0_31-b13)
# Java VM: Java HotSpot(TM) 64-Bit Server VM (25.31-b07 mixed mode windows-amd64 compressed oops)
Heap:
 PSYoungGen      total 71168K, used 27135K [0x00000000eab00000, 0x00000000f4100000, 0x0000000100000000)
  eden space 64000K, 36% used [0x00000000eab00000,0x00000000ec182960,0x00000000ee980000)
  from space 7168K, 56% used [0x00000000ee980000,0x00000000eed7d380,0x00000000ef080000)
  to   space 12800K, 0% used [0x00000000f3480000,0x00000000f3480000,0x00000000f4100000)
 ParOldGen       total 42496K, used 22443K [0x00000000c0000000, 0x00000000c2980000, 0x00000000eab00000)
  object space 42496K, 52% used [0x00000000c0000000,0x00000000c15eaf00,0x00000000c2980000)
 Metaspace       used 5932K, capacity 7088K, committed 7296K, reserved 1056768K
  class space    used 572K, capacity 616K, committed 640K, reserved 1048576K
GC Heap History (10 events):
Event: 5.893 GC heap before
{Heap before GC invocations=4 (full 0):
 PSYoungGen      total 17408K, used 17396K [0x00000000eab00000, 0x00000000ecd00000, 0x0000000100000000)
  eden space 16384K, 100% used [0x00000000eab00000,0x00000000ebb00000,0x00000000ebb00000)
  from space 1024K, 98% used [0x00000000ebb00000,0x00000000ebbfd278,0x00000000ebc00000)
  to   space 1024K, 0% used [0x00000000ecc00000,0x00000000ecc00000,0x00000000ecd00000)
 ParOldGen       total 20480K, used 5616K [0x00000000c0000000, 0x00000000c1400000, 0x00000000eab00000)
  object space 20480K, 27% used [0x00000000c0000000,0x00000000c057c028,0x00000000c1400000)
 Metaspace       used 5849K, capacity 7024K, committed 7296K, reserved 1056768K
  class space    used 570K, capacity 616K, committed 640K, reserved 1048576K
Event: 9.251 GC heap after
Heap after GC invocations=4 (full 0):
 PSYoungGen      total 33792K, used 1012K [0x00000000eab00000, 0x00000000ecd00000, 0x0000000100000000)
  eden space 32768K, 0% used [0x00000000eab00000,0x00000000eab00000,0x00000000ecb00000)
  from space 1024K, 98% used [0x00000000ecc00000,0x00000000eccfd278,0x00000000ecd00000)
  to   space 1024K, 0% used [0x00000000ecb00000,0x00000000ecb00000,0x00000000ecc00000)
 ParOldGen       total 20480K, used 8069K [0x00000000c0000000, 0x00000000c1400000, 0x00000000eab00000)
  object space 20480K, 39% used [0x00000000c0000000,0x00000000c07e15d8,0x00000000c1400000)
 Metaspace       used 5849K, capacity 7024K, committed 7296K, reserved 1056768K
  class space    used 570K, capacity 616K, committed 640K, reserved 1048576K
}
Event: 10.591 GC heap before
{Heap before GC invocations=5 (full 0):
 PSYoungGen      total 33792K, used 33780K [0x00000000eab00000, 0x00000000ecd00000, 0x0000000100000000)
  eden space 32768K, 100% used [0x00000000eab00000,0x00000000ecb00000,0x00000000ecb00000)
  from space 1024K, 98% used [0x00000000ecc00000,0x00000000eccfd278,0x00000000ecd00000)
  to   space 1024K, 0% used [0x00000000ecb00000,0x00000000ecb00000,0x00000000ecc00000)
 ParOldGen       total 20480K, used 8069K [0x00000000c0000000, 0x00000000c1400000, 0x00000000eab00000)
  object space 20480K, 39% used [0x00000000c0000000,0x00000000c07e15d8,0x00000000c1400000)
 Metaspace       used 5871K, capacity 7088K, committed 7296K, reserved 1056768K
  class space    used 571K, capacity 616K, committed 640K, reserved 1048576K
Event: 11.614 GC heap after
Heap after GC invocations=5 (full 0):
 PSYoungGen      total 33792K, used 1003K [0x00000000eab00000, 0x00000000ef600000, 0x0000000100000000)
  eden space 32768K, 0% used [0x00000000eab00000,0x00000000eab00000,0x00000000ecb00000)
  from space 1024K, 97% used [0x00000000ecb00000,0x00000000ecbfac88,0x00000000ecc00000)
  to   space 5632K, 0% used [0x00000000ef080000,0x00000000ef080000,0x00000000ef600000)
 ParOldGen       total 20480K, used 12720K [0x00000000c0000000, 0x00000000c1400000, 0x00000000eab00000)
  object space 20480K, 62% used [0x00000000c0000000,0x00000000c0c6c1c8,0x00000000c1400000)
 Metaspace       used 5871K, capacity 7088K, committed 7296K, reserved 1056768K
  class space    used 571K, capacity 616K, committed 640K, reserved 1048576K
}
Event: 12.485 GC heap before
{Heap before GC invocations=6 (full 0):
 PSYoungGen      total 33792K, used 33771K [0x00000000eab00000, 0x00000000ef600000, 0x0000000100000000)
  eden space 32768K, 100% used [0x00000000eab00000,0x00000000ecb00000,0x00000000ecb00000)
  from space 1024K, 97% used [0x00000000ecb00000,0x00000000ecbfac88,0x00000000ecc00000)
  to   space 5632K, 0% used [0x00000000ef080000,0x00000000ef080000,0x00000000ef600000)
 ParOldGen       total 20480K, used 12720K [0x00000000c0000000, 0x00000000c1400000, 0x00000000eab00000)
  object space 20480K, 62% used [0x00000000c0000000,0x00000000c0c6c1c8,0x00000000c1400000)
 Metaspace       used 5906K, capacity 7088K, committed 7296K, reserved 1056768K
  class space    used 571K, capacity 616K, committed 640K, reserved 1048576K
Event: 22.140 GC heap after
Heap after GC invocations=6 (full 0):
 PSYoungGen      total 69632K, used 5611K [0x00000000eab00000, 0x00000000ef900000, 0x0000000100000000)
  eden space 64000K, 0% used [0x00000000eab00000,0x00000000eab00000,0x00000000ee980000)
  from space 5632K, 99% used [0x00000000ef080000,0x00000000ef5faf18,0x00000000ef600000)
  to   space 7168K, 0% used [0x00000000ee980000,0x00000000ee980000,0x00000000ef080000)
 ParOldGen       total 20480K, used 13461K [0x00000000c0000000, 0x00000000c1400000, 0x00000000eab00000)
  object space 20480K, 65% used [0x00000000c0000000,0x00000000c0d25688,0x00000000c1400000)
 Metaspace       used 5906K, capacity 7088K, committed 7296K, reserved 1056768K
  class space    used 571K, capacity 616K, committed 640K, reserved 1048576K
}
Event: 24.725 GC heap before
{Heap before GC invocations=7 (full 0):
 PSYoungGen      total 69632K, used 69611K [0x00000000eab00000, 0x00000000ef900000, 0x0000000100000000)
  eden space 64000K, 100% used [0x00000000eab00000,0x00000000ee980000,0x00000000ee980000)
  from space 5632K, 99% used [0x00000000ef080000,0x00000000ef5faf18,0x00000000ef600000)
  to   space 7168K, 0% used [0x00000000ee980000,0x00000000ee980000,0x00000000ef080000)
 ParOldGen       total 20480K, used 13461K [0x00000000c0000000, 0x00000000c1400000, 0x00000000eab00000)
  object space 20480K, 65% used [0x00000000c0000000,0x00000000c0d25688,0x00000000c1400000)
 Metaspace       used 5917K, capacity 7088K, committed 7296K, reserved 1056768K
  class space    used 571K, capacity 616K, committed 640K, reserved 1048576K
Event: 39.050 GC heap after
Heap after GC invocations=7 (full 0):
 PSYoungGen      total 71168K, used 7165K [0x00000000eab00000, 0x00000000f4100000, 0x0000000100000000)
  eden space 64000K, 0% used [0x00000000eab00000,0x00000000eab00000,0x00000000ee980000)
  from space 7168K, 99% used [0x00000000ee980000,0x00000000ef07f700,0x00000000ef080000)
  to   space 12800K, 0% used [0x00000000f3480000,0x00000000f3480000,0x00000000f4100000)
 ParOldGen       total 22528K, used 22144K [0x00000000c0000000, 0x00000000c1600000, 0x00000000eab00000)
  object space 22528K, 98% used [0x00000000c0000000,0x00000000c15a03c8,0x00000000c1600000)
 Metaspace       used 5917K, capacity 7088K, committed 7296K, reserved 1056768K
  class space    used 571K, capacity 616K, committed 640K, reserved 1048576K
}
Event: 39.050 GC heap before
{Heap before GC invocations=8 (full 1):
 PSYoungGen      total 71168K, used 7165K [0x00000000eab00000, 0x00000000f4100000, 0x0000000100000000)
  eden space 64000K, 0% used [0x00000000eab00000,0x00000000eab00000,0x00000000ee980000)
  from space 7168K, 99% used [0x00000000ee980000,0x00000000ef07f700,0x00000000ef080000)
  to   space 12800K, 0% used [0x00000000f3480000,0x00000000f3480000,0x00000000f4100000)
 ParOldGen       total 22528K, used 22144K [0x00000000c0000000, 0x00000000c1600000, 0x00000000eab00000)
  object space 22528K, 98% used [0x00000000c0000000,0x00000000c15a03c8,0x00000000c1600000)
 Metaspace       used 5917K, capacity 7088K, committed 7296K, reserved 1056768K
  class space    used 571K, capacity 616K, committed 640K, reserved 1048576K
Event: 74.235 GC heap after
Heap after GC invocations=8 (full 1):
 PSYoungGen      total 71168K, used 4084K [0x00000000eab00000, 0x00000000f4100000, 0x0000000100000000)
  eden space 64000K, 0% used [0x00000000eab00000,0x00000000eab00000,0x00000000ee980000)
  from space 7168K, 56% used [0x00000000ee980000,0x00000000eed7d380,0x00000000ef080000)
  to   space 12800K, 0% used [0x00000000f3480000,0x00000000f3480000,0x00000000f4100000)
 ParOldGen       total 42496K, used 22443K [0x00000000c0000000, 0x00000000c2980000, 0x00000000eab00000)
  object space 42496K, 52% used [0x00000000c0000000,0x00000000c15eaf00,0x00000000c2980000)
 Metaspace       used 5917K, capacity 7088K, committed 7296K, reserved 1056768K
  class space    used 571K, capacity 616K, committed 640K, reserved 1048576K
}

