# JRE version: Java(TM) SE Runtime Environment (8.0_31-b13) (build 1.8.0_31-b13)
# Java VM: Java HotSpot(TM) 64-Bit Server VM (25.31-b07 mixed mode windows-amd64 compressed oops)
Heap:
 PSYoungGen      total 104448K, used 32973K [0x00000000eab00000, 0x00000000f4100000, 0x0000000100000000)
  eden space 91648K, 22% used [0x00000000eab00000,0x00000000ebeb5348,0x00000000f0480000)
  from space 12800K, 99% used [0x00000000f3480000,0x00000000f40fe298,0x00000000f4100000)
  to   space 15872K, 0% used [0x00000000f2200000,0x00000000f2200000,0x00000000f3180000)
 ParOldGen       total 41472K, used 22670K [0x00000000c0000000, 0x00000000c2880000, 0x00000000eab00000)
  object space 41472K, 54% used [0x00000000c0000000,0x00000000c1623970,0x00000000c2880000)
 Metaspace       used 6035K, capacity 7152K, committed 7296K, reserved 1056768K
  class space    used 576K, capacity 616K, committed 640K, reserved 1048576K
GC Heap History (10 events):
Event: 11.686 GC heap before
{Heap before GC invocations=5 (full 0):
 PSYoungGen      total 33792K, used 33792K [0x00000000eab00000, 0x00000000ecd00000, 0x0000000100000000)
  eden space 32768K, 100% used [0x00000000eab00000,0x00000000ecb00000,0x00000000ecb00000)
  from space 1024K, 100% used [0x00000000ecc00000,0x00000000ecd00000,0x00000000ecd00000)
  to   space 1024K, 0% used [0x00000000ecb00000,0x00000000ecb00000,0x00000000ecc00000)
 ParOldGen       total 20480K, used 8054K [0x00000000c0000000, 0x00000000c1400000, 0x00000000eab00000)
  object space 20480K, 39% used [0x00000000c0000000,0x00000000c07dd8f0,0x00000000c1400000)
 Metaspace       used 5913K, capacity 7088K, committed 7296K, reserved 1056768K
  class space    used 571K, capacity 616K, committed 640K, reserved 1048576K
Event: 12.592 GC heap after
Heap after GC invocations=5 (full 0):
 PSYoungGen      total 33792K, used 1011K [0x00000000eab00000, 0x00000000ef700000, 0x0000000100000000)
  eden space 32768K, 0% used [0x00000000eab00000,0x00000000eab00000,0x00000000ecb00000)
  from space 1024K, 98% used [0x00000000ecb00000,0x00000000ecbfccd8,0x00000000ecc00000)
  to   space 6144K, 0% used [0x00000000ef100000,0x00000000ef100000,0x00000000ef700000)
 ParOldGen       total 20480K, used 13077K [0x00000000c0000000, 0x00000000c1400000, 0x00000000eab00000)
  object space 20480K, 63% used [0x00000000c0000000,0x00000000c0cc54f0,0x00000000c1400000)
 Metaspace       used 5913K, capacity 7088K, committed 7296K, reserved 1056768K
  class space    used 571K, capacity 616K, committed 640K, reserved 1048576K
}
Event: 13.385 GC heap before
{Heap before GC invocations=6 (full 0):
 PSYoungGen      total 33792K, used 33779K [0x00000000eab00000, 0x00000000ef700000, 0x0000000100000000)
  eden space 32768K, 100% used [0x00000000eab00000,0x00000000ecb00000,0x00000000ecb00000)
  from space 1024K, 98% used [0x00000000ecb00000,0x00000000ecbfccd8,0x00000000ecc00000)
  to   space 6144K, 0% used [0x00000000ef100000,0x00000000ef100000,0x00000000ef700000)
 ParOldGen       total 20480K, used 13077K [0x00000000c0000000, 0x00000000c1400000, 0x00000000eab00000)
  object space 20480K, 63% used [0x00000000c0000000,0x00000000c0cc54f0,0x00000000c1400000)
 Metaspace       used 5933K, capacity 7088K, committed 7296K, reserved 1056768K
  class space    used 571K, capacity 616K, committed 640K, reserved 1048576K
Event: 13.410 GC heap after
Heap after GC invocations=6 (full 0):
 PSYoungGen      total 70144K, used 6130K [0x00000000eab00000, 0x00000000efa00000, 0x0000000100000000)
  eden space 64000K, 0% used [0x00000000eab00000,0x00000000eab00000,0x00000000ee980000)
  from space 6144K, 99% used [0x00000000ef100000,0x00000000ef6fc8d0,0x00000000ef700000)
  to   space 7680K, 0% used [0x00000000ee980000,0x00000000ee980000,0x00000000ef100000)
 ParOldGen       total 20480K, used 13391K [0x00000000c0000000, 0x00000000c1400000, 0x00000000eab00000)
  object space 20480K, 65% used [0x00000000c0000000,0x00000000c0d13d48,0x00000000c1400000)
 Metaspace       used 5933K, capacity 7088K, committed 7296K, reserved 1056768K
  class space    used 571K, capacity 616K, committed 640K, reserved 1048576K
}
Event: 14.281 GC heap before
{Heap before GC invocations=7 (full 0):
 PSYoungGen      total 70144K, used 70130K [0x00000000eab00000, 0x00000000efa00000, 0x0000000100000000)
  eden space 64000K, 100% used [0x00000000eab00000,0x00000000ee980000,0x00000000ee980000)
  from space 6144K, 99% used [0x00000000ef100000,0x00000000ef6fc8d0,0x00000000ef700000)
  to   space 7680K, 0% used [0x00000000ee980000,0x00000000ee980000,0x00000000ef100000)
 ParOldGen       total 20480K, used 13391K [0x00000000c0000000, 0x00000000c1400000, 0x00000000eab00000)
  object space 20480K, 65% used [0x00000000c0000000,0x00000000c0d13d48,0x00000000c1400000)
 Metaspace       used 5950K, capacity 7088K, committed 7296K, reserved 1056768K
  class space    used 571K, capacity 616K, committed 640K, reserved 1048576K
Event: 22.868 GC heap after
Heap after GC invocations=7 (full 0):
 PSYoungGen      total 71680K, used 7662K [0x00000000eab00000, 0x00000000f4100000, 0x0000000100000000)
  eden space 64000K, 0% used [0x00000000eab00000,0x00000000eab00000,0x00000000ee980000)
  from space 7680K, 99% used [0x00000000ee980000,0x00000000ef0fb9a0,0x00000000ef100000)
  to   space 12800K, 0% used [0x00000000f3480000,0x00000000f3480000,0x00000000f4100000)
 ParOldGen       total 20992K, used 20897K [0x00000000c0000000, 0x00000000c1480000, 0x00000000eab00000)
  object space 20992K, 99% used [0x00000000c0000000,0x00000000c14684e8,0x00000000c1480000)
 Metaspace       used 5950K, capacity 7088K, committed 7296K, reserved 1056768K
  class space    used 571K, capacity 616K, committed 640K, reserved 1048576K
}
Event: 22.868 GC heap before
{Heap before GC invocations=8 (full 1):
 PSYoungGen      total 71680K, used 7662K [0x00000000eab00000, 0x00000000f4100000, 0x0000000100000000)
  eden space 64000K, 0% used [0x00000000eab00000,0x00000000eab00000,0x00000000ee980000)
  from space 7680K, 99% used [0x00000000ee980000,0x00000000ef0fb9a0,0x00000000ef100000)
  to   space 12800K, 0% used [0x00000000f3480000,0x00000000f3480000,0x00000000f4100000)
 ParOldGen       total 20992K, used 20897K [0x00000000c0000000, 0x00000000c1480000, 0x00000000eab00000)
  object space 20992K, 99% used [0x00000000c0000000,0x00000000c14684e8,0x00000000c1480000)
 Metaspace       used 5950K, capacity 7088K, committed 7296K, reserved 1056768K
  class space    used 571K, capacity 616K, committed 640K, reserved 1048576K
Event: 44.293 GC heap after
Heap after GC invocations=8 (full 1):
 PSYoungGen      total 71680K, used 5080K [0x00000000eab00000, 0x00000000f4100000, 0x0000000100000000)
  eden space 64000K, 0% used [0x00000000eab00000,0x00000000eab00000,0x00000000ee980000)
  from space 7680K, 66% used [0x00000000ee980000,0x00000000eee762f8,0x00000000ef100000)
  to   space 12800K, 0% used [0x00000000f3480000,0x00000000f3480000,0x00000000f4100000)
 ParOldGen       total 41472K, used 20744K [0x00000000c0000000, 0x00000000c2880000, 0x00000000eab00000)
  object space 41472K, 50% used [0x00000000c0000000,0x00000000c1442160,0x00000000c2880000)
 Metaspace       used 5950K, capacity 7088K, committed 7296K, reserved 1056768K
  class space    used 571K, capacity 616K, committed 640K, reserved 1048576K
}
Event: 61.315 GC heap before
{Heap before GC invocations=9 (full 1):
 PSYoungGen      total 71680K, used 69080K [0x00000000eab00000, 0x00000000f4100000, 0x0000000100000000)
  eden space 64000K, 100% used [0x00000000eab00000,0x00000000ee980000,0x00000000ee980000)
  from space 7680K, 66% used [0x00000000ee980000,0x00000000eee762f8,0x00000000ef100000)
  to   space 12800K, 0% used [0x00000000f3480000,0x00000000f3480000,0x00000000f4100000)
 ParOldGen       total 41472K, used 20744K [0x00000000c0000000, 0x00000000c2880000, 0x00000000eab00000)
  object space 41472K, 50% used [0x00000000c0000000,0x00000000c1442160,0x00000000c2880000)
 Metaspace       used 5972K, capacity 7152K, committed 7296K, reserved 1056768K
  class space    used 572K, capacity 616K, committed 640K, reserved 1048576K
Event: 74.217 GC heap after
Heap after GC invocations=9 (full 1):
 PSYoungGen      total 104448K, used 12792K [0x00000000eab00000, 0x00000000f4100000, 0x0000000100000000)
  eden space 91648K, 0% used [0x00000000eab00000,0x00000000eab00000,0x00000000f0480000)
  from space 12800K, 99% used [0x00000000f3480000,0x00000000f40fe298,0x00000000f4100000)
  to   space 15872K, 0% used [0x00000000f2200000,0x00000000f2200000,0x00000000f3180000)
 ParOldGen       total 41472K, used 22670K [0x00000000c0000000, 0x00000000c2880000, 0x00000000eab00000)
  object space 41472K, 54% used [0x00000000c0000000,0x00000000c1623970,0x00000000c2880000)
 Metaspace       used 5972K, capacity 7152K, committed 7296K, reserved 1056768K
  class space    used 572K, capacity 616K, committed 640K, reserved 1048576K
}

